
ROM used:   119/32768 (0%)
            119/32768 (0%) including unused fragments

            0.1 Average locations per line
            3.3 Average locations per statement

RAM used:   8/4096 (0%) at main() level
            20/4096 (0%) worst case

Stack used: 0 worst case (0 in main + 0 for interrupts)
Stack size: 16

Lines Stmts  %   Files
----- ----- ---  -----
   59    36 100  LED_Blink_main.c
   23     0   0  LED_Blink_main.h
 2061     0   0  ..\..\..\..\..\Program Files (x86)\PICC\Devices\16F18877.h
----- -----
 2143    36 Total

Page ROM  %  RAM    Vol Diff  Functions:
---- --- --- ---    --- ----  ----------
0     21  18    1             @delay_ms1
0     95  80    3    993  4.0  main
 Inline         0             @cinit1

Program metrics:
    Functions               1
    Statements              36
    Comments                322
    Volume (V)              998
    Difficulty (D)          3.9
    Effort to implement (E) 3885
    Time to implement (T)   4 minutes
    Est Delivered Bugs (B)  0
    Cyclomatic Complexity   6
    Maintainability (MI)    99

 Segment     Used  Free
-----------  ----  ----
00000-00002     3  0  
00003-007FF   116  1929  
00800-00FFF     0  2048  
01000-017FF     0  2048  
01800-01FFF     0  2048  
02000-027FF     0  2048  
02800-02FFF     0  2048  
03000-037FF     0  2048  
03800-03FFF     0  2048  
04000-047FF     0  2048  
04800-04FFF     0  2048  
05000-057FF     0  2048  
05800-05FFF     0  2048  
06000-067FF     0  2048  
06800-06FFF     0  2048  
07000-077FF     0  2048  
07800-07FFF     0  2048  



